Thu May 31 07:54:46 Saved as file BACKUP1.MAX
Sun Jun 10 11:42:08 Saved as file BACKUP1.MAX
Sun Jun 10 11:42:08 Saved as file C:\MEUS DOCUMENTOS\PROJETOS\DRIVE DE MOTOR DE PASSO\DRIVE M,PASSO.MAX
Sun Jun 10 11:42:09 UserDiv from Layout.INI for AutoECO: 60
Sun Jun 10 11:42:09 Loaded file C:\MEUS DOCUMENTOS\PROJETOS\DRIVE DE MOTOR DE PASSO\DRIVE M,PASSO.MAX
Sun Jun 10 11:42:10 Loaded file C:\MEUS DOCUMENTOS\PROJETOS\TEMPLATE\BLIBIOTECA LAYOUT.LLB
Sun Jun 10 11:42:10 Loaded file C:\PROGRAM FILES\ORCAD\LAYOUT_PLUS\library\BCON100T.llb
Sun Jun 10 11:42:10 Loaded file C:\PROGRAM FILES\ORCAD\LAYOUT_PLUS\library\BCON156T.llb
Sun Jun 10 11:42:12 Loaded file C:\PROGRAM FILES\ORCAD\LAYOUT_PLUS\library\BGA.llb
Sun Jun 10 11:42:13 Loaded file C:\PROGRAM FILES\ORCAD\LAYOUT_PLUS\library\CLCC.llb
Sun Jun 10 11:42:13 Loaded file C:\PROGRAM FILES\ORCAD\LAYOUT_PLUS\library\DCON050T.llb
Sun Jun 10 11:42:13 Loaded file C:\PROGRAM FILES\ORCAD\LAYOUT_PLUS\library\DCON085T.llb
Sun Jun 10 11:42:13 Loaded file C:\PROGRAM FILES\ORCAD\LAYOUT_PLUS\library\DIMM050F.llb
Sun Jun 10 11:42:13 Loaded file C:\PROGRAM FILES\ORCAD\LAYOUT_PLUS\library\DIMM050T.llb
Sun Jun 10 11:42:14 Loaded file C:\PROGRAM FILES\ORCAD\LAYOUT_PLUS\library\DIN.llb
Sun Jun 10 11:42:14 Loaded file C:\PROGRAM FILES\ORCAD\LAYOUT_PLUS\library\DIP100B.llb
Sun Jun 10 11:42:15 Loaded file C:\PROGRAM FILES\ORCAD\LAYOUT_PLUS\library\DIP100T.llb
Sun Jun 10 11:42:15 Loaded file C:\PROGRAM FILES\ORCAD\LAYOUT_PLUS\library\DSUBT.llb
Sun Jun 10 11:42:15 Loaded file C:\PROGRAM FILES\ORCAD\LAYOUT_PLUS\library\DSUBT_HD.LLB
Sun Jun 10 11:42:15 Loaded file C:\PROGRAM FILES\ORCAD\LAYOUT_PLUS\library\ECON100T.llb
Sun Jun 10 11:42:15 Loaded file C:\PROGRAM FILES\ORCAD\LAYOUT_PLUS\library\FBUS.llb
Sun Jun 10 11:42:15 Loaded file C:\PROGRAM FILES\ORCAD\LAYOUT_PLUS\library\ISA.llb
Sun Jun 10 11:42:15 Loaded file C:\PROGRAM FILES\ORCAD\LAYOUT_PLUS\library\JUMPER.LLB
Sun Jun 10 11:42:16 Loaded file C:\PROGRAM FILES\ORCAD\LAYOUT_PLUS\library\LAYOUT.llb
Sun Jun 10 11:42:16 Loaded file C:\PROGRAM FILES\ORCAD\LAYOUT_PLUS\library\LCON100T.llb
Sun Jun 10 11:42:16 Loaded file C:\PROGRAM FILES\ORCAD\LAYOUT_PLUS\library\PC104.llb
Sun Jun 10 11:42:16 Loaded file C:\PROGRAM FILES\ORCAD\LAYOUT_PLUS\library\PCI.llb
Sun Jun 10 11:42:16 Loaded file C:\PROGRAM FILES\ORCAD\LAYOUT_PLUS\library\PCON100T.llb
Sun Jun 10 11:42:16 Loaded file C:\PROGRAM FILES\ORCAD\LAYOUT_PLUS\library\PCON156T.llb
Sun Jun 10 11:42:17 Loaded file C:\PROGRAM FILES\ORCAD\LAYOUT_PLUS\library\PGA.llb
Sun Jun 10 11:42:17 Loaded file C:\PROGRAM FILES\ORCAD\LAYOUT_PLUS\library\PLCC.llb
Sun Jun 10 11:42:18 Loaded file C:\PROGRAM FILES\ORCAD\LAYOUT_PLUS\library\QUAD.llb
Sun Jun 10 11:42:19 Loaded file C:\PROGRAM FILES\ORCAD\LAYOUT_PLUS\library\QUADB.llb
Sun Jun 10 11:42:19 Loaded file C:\PROGRAM FILES\ORCAD\LAYOUT_PLUS\library\RELAY.llb
Sun Jun 10 11:42:19 Loaded file C:\PROGRAM FILES\ORCAD\LAYOUT_PLUS\library\RF.llb
Sun Jun 10 11:42:19 Loaded file C:\PROGRAM FILES\ORCAD\LAYOUT_PLUS\library\SBUS.llb
Sun Jun 10 11:42:19 Loaded file C:\PROGRAM FILES\ORCAD\LAYOUT_PLUS\library\SIMM050F.llb
Sun Jun 10 11:42:20 Loaded file C:\PROGRAM FILES\ORCAD\LAYOUT_PLUS\library\SIMM050T.llb
Sun Jun 10 11:42:20 Loaded file C:\PROGRAM FILES\ORCAD\LAYOUT_PLUS\library\SIMM100F.llb
Sun Jun 10 11:42:20 Loaded file C:\PROGRAM FILES\ORCAD\LAYOUT_PLUS\library\SIMM100T.llb
Sun Jun 10 11:42:20 Loaded file C:\PROGRAM FILES\ORCAD\LAYOUT_PLUS\library\SIP.llb
Sun Jun 10 11:42:20 Loaded file C:\PROGRAM FILES\ORCAD\LAYOUT_PLUS\library\SM.llb
Sun Jun 10 11:42:21 Loaded file C:\PROGRAM FILES\ORCAD\LAYOUT_PLUS\library\SOG.llb
Sun Jun 10 11:42:21 Loaded file C:\PROGRAM FILES\ORCAD\LAYOUT_PLUS\library\SOJ.llb
Sun Jun 10 11:42:21 Loaded file C:\PROGRAM FILES\ORCAD\LAYOUT_PLUS\library\STIFF.llb
Sun Jun 10 11:42:21 Loaded file C:\PROGRAM FILES\ORCAD\LAYOUT_PLUS\library\TELE.llb
Sun Jun 10 11:42:22 Loaded file C:\PROGRAM FILES\ORCAD\LAYOUT_PLUS\library\TM_AXIAL.llb
Sun Jun 10 11:42:22 Loaded file C:\PROGRAM FILES\ORCAD\LAYOUT_PLUS\library\TM_CAP_P.llb
Sun Jun 10 11:42:22 Loaded file C:\PROGRAM FILES\ORCAD\LAYOUT_PLUS\library\TM_CYLND.llb
Sun Jun 10 11:42:22 Loaded file C:\PROGRAM FILES\ORCAD\LAYOUT_PLUS\library\TM_DIODE.llb
Sun Jun 10 11:42:23 Loaded file C:\PROGRAM FILES\ORCAD\LAYOUT_PLUS\library\TM_DISC.llb
Sun Jun 10 11:42:23 Loaded file C:\PROGRAM FILES\ORCAD\LAYOUT_PLUS\library\TM_RAD.llb
Sun Jun 10 11:42:23 Loaded file C:\PROGRAM FILES\ORCAD\LAYOUT_PLUS\library\TO.llb
Sun Jun 10 11:42:23 Loaded file C:\PROGRAM FILES\ORCAD\LAYOUT_PLUS\library\TRAINING.LLB
Sun Jun 10 11:42:24 Loaded file C:\PROGRAM FILES\ORCAD\LAYOUT_PLUS\library\VRES.llb
Sun Jun 10 11:42:24 Loaded file C:\PROGRAM FILES\ORCAD\LAYOUT_PLUS\library\WCON100T.llb
Sun Jun 10 11:42:24 Loaded file C:\PROGRAM FILES\ORCAD\LAYOUT_PLUS\library\XT.llb
Sun Jun 10 11:42:24 Loaded file C:\PROGRAM FILES\ORCAD\LAYOUT_PLUS\library\ZIGZAG.llb
Sun Jun 10 11:42:27 Saved as file C:\MEUS DOCUMENTOS\PROJETOS\DRIVE DE MOTOR DE PASSO\DRIVE M,PASSO.MAX
Sun Jun 10 11:42:27 Loaded file C:\MEUS DOCUMENTOS\PROJETOS\DRIVE DE MOTOR DE PASSO\DRIVE M,PASSO.MAX
Sun Jun 10 11:52:08 Saved as file BACKUP1.MAX
Sun Jun 10 12:02:09 Saved as file BACKUP1.MAX
Sun Jun 10 12:12:09 Saved as file BACKUP1.MAX
Sun Jun 10 12:22:10 Saved as file BACKUP1.MAX
Sun Jun 10 12:32:10 Saved as file BACKUP1.MAX
Sun Jun 10 12:42:11 Saved as file BACKUP1.MAX
Sun Jun 10 12:52:11 Saved as file BACKUP1.MAX
Sun Jun 10 13:02:12 Saved as file BACKUP1.MAX
Mon Aug 20 10:37:41 Loaded file C:\MEUS DOCUMENTOS\PROJETOS\DRIVE MOTOR DE PASSO\DRIVEM~1.MAX
Wed Sep 19 21:20:21 Saved as file BACKUP1.MAX
Wed Sep 19 21:30:21 Saved as file BACKUP1.MAX
Wed Sep 19 21:40:21 Saved as file BACKUP1.MAX
Wed Sep 19 21:50:22 Saved as file BACKUP1.MAX
Wed Sep 19 22:00:23 Saved as file BACKUP1.MAX
Wed Sep 19 22:10:23 Saved as file BACKUP1.MAX
Wed Sep 19 22:20:23 Saved as file BACKUP1.MAX
Wed Sep 19 22:30:24 Saved as file BACKUP1.MAX
Wed Sep 19 22:40:24 Saved as file BACKUP1.MAX
Wed Sep 19 22:50:25 Saved as file BACKUP1.MAX
Thu Nov 15 13:54:41 Saved as file BACKUP1.MAX
